<?xml version="1.0" encoding="UTF-8"?>
<!-- Generated by org.testng.reporters.JUnitReportReporter -->
<testsuite skipped="0" hostname="DESKTOP-IBMUE85" name="testNJGConcepts.TestNGDependentTests" tests="3" failures="0" timestamp="30 Oct 2020 03:51:51 GMT" time="0.017" errors="0">
  <testcase name="test_SignINtoApplication" time="0.002" classname="testNJGConcepts.TestNGDependentTests"/>
  <testcase name="test_NavigatesToURL" time="0.002" classname="testNJGConcepts.TestNGDependentTests"/>
  <testcase name="test_OpenBrowser" time="0.013" classname="testNJGConcepts.TestNGDependentTests"/>
</testsuite> <!-- testNJGConcepts.TestNGDependentTests -->
