<?xml version="1.0" encoding="UTF-8"?>
<!-- Generated by org.testng.reporters.JUnitReportReporter -->
<testsuite skipped="0" hostname="DESKTOP-IBMUE85" name="testNJGConcepts.TestNGAnnotations" tests="4" failures="0" timestamp="29 Oct 2020 16:01:57 GMT" time="0.012" errors="0">
  <testcase name="test_without_priority" time="0.006" classname="testNJGConcepts.TestNGAnnotations"/>
  <testcase name="test_one" time="0.002" classname="testNJGConcepts.TestNGAnnotations"/>
  <testcase name="test_two" time="0.002" classname="testNJGConcepts.TestNGAnnotations"/>
  <testcase name="test_three" time="0.002" classname="testNJGConcepts.TestNGAnnotations"/>
</testsuite> <!-- testNJGConcepts.TestNGAnnotations -->
