<?xml version="1.0" encoding="UTF-8"?>
<!-- Generated by org.testng.reporters.JUnitReportReporter -->
<testsuite skipped="1" hostname="DESKTOP-IBMUE85" name="testNJGConcepts.TestNGDataDrivenConcepts" tests="2" failures="0" timestamp="01 Nov 2020 05:08:06 GMT" time="0.009" errors="0">
  <testcase name="dataProviderExample" time="0.009" classname="testNJGConcepts.TestNGDataDrivenConcepts"/>
  <testcase name="parametersExample" classname="testNJGConcepts.TestNGDataDrivenConcepts">
    <skipped/>
  </testcase> <!-- parametersExample -->
</testsuite> <!-- testNJGConcepts.TestNGDataDrivenConcepts -->
